<?xml version="1.0" encoding="UTF-8"?>
<testng-results skipped="0" failed="0" ignored="0" total="2" passed="2">
  <reporter-output>
  </reporter-output>
  <suite name="Command line suite" duration-ms="270" started-at="2020-09-26T23:18:06 IST" finished-at="2020-09-26T23:18:06 IST">
    <groups>
    </groups>
    <test name="Command line test" duration-ms="270" started-at="2020-09-26T23:18:06 IST" finished-at="2020-09-26T23:18:06 IST">
      <class name="qaclickacademy.SeleniumTest">
        <test-method status="PASS" signature="Test1()[pri:0, instance:qaclickacademy.SeleniumTest@1d057a39]" name="Test1" duration-ms="0" started-at="2020-09-26T23:18:06 IST" finished-at="2020-09-26T23:18:06 IST">
          <reporter-output>
          </reporter-output>
        </test-method> <!-- Test1 -->
      </class> <!-- qaclickacademy.SeleniumTest -->
      <class name="qaclickacademy.ApiumTest">
        <test-method status="PASS" signature="Test()[pri:0, instance:qaclickacademy.ApiumTest@475530b9]" name="Test" duration-ms="47" started-at="2020-09-26T23:18:06 IST" finished-at="2020-09-26T23:18:06 IST">
          <reporter-output>
          </reporter-output>
        </test-method> <!-- Test -->
      </class> <!-- qaclickacademy.ApiumTest -->
    </test> <!-- Command line test -->
  </suite> <!-- Command line suite -->
</testng-results>
